{
  "stats": {
    "suites": 1,
    "tests": 4,
    "passes": 4,
    "pending": 0,
    "failures": 0,
    "start": "2021-09-29T11:23:36.844Z",
    "end": "2021-09-29T11:23:43.149Z",
    "duration": 6305,
    "testsRegistered": 4,
    "passPercent": 100,
    "pendingPercent": 0,
    "other": 0,
    "hasOther": false,
    "skipped": 0,
    "hasSkipped": false
  },
  "results": [
    {
      "uuid": "9871287c-c4d1-478e-b967-2620ba775b98",
      "title": "",
      "fullFile": "cypress/integration/Quote API Testing/symbols.spec.js",
      "file": "cypress/integration/Quote API Testing/symbols.spec.js",
      "beforeHooks": [],
      "afterHooks": [],
      "tests": [],
      "suites": [
        {
          "uuid": "4f8745a2-7728-4c3c-9053-9ad758afde89",
          "title": "Endpoint GET /symbols",
          "fullFile": "",
          "file": "",
          "beforeHooks": [],
          "afterHooks": [],
          "tests": [
            {
              "title": "Should send status 200",
              "fullTitle": "Endpoint GET /symbols Should send status 200",
              "timedOut": null,
              "duration": 1152,
              "state": "passed",
              "speed": "slow",
              "pass": true,
              "fail": false,
              "pending": false,
              "context": null,
              "code": "cy.request('/symbols').then(response => {\n  expect(response.status).to.eq(200);\n});",
              "err": {},
              "uuid": "1dc715fa-cce7-4d90-bb85-6f7a282fbe91",
              "parentUUID": "4f8745a2-7728-4c3c-9053-9ad758afde89",
              "isHook": false,
              "skipped": false
            },
            {
              "title": "Request without API key should send body with error true and message",
              "fullTitle": "Endpoint GET /symbols Request without API key should send body with error true and message",
              "timedOut": null,
              "duration": 236,
              "state": "passed",
              "speed": "slow",
              "pass": true,
              "fail": false,
              "pending": false,
              "context": null,
              "code": "cy.request('/symbols').then(response => {\n  expect(response.status).to.eq(200);\n  let body = response.body;\n  expect(body).to.a('object');\n  expect(body).to.have.keys('error', 'message');\n  expect(body).to.have.property('error', true);\n  expect(body).to.have.property('message', \"API Key Not Valid. Please go to 1forge.com to get an API key. If you have any questions please email us at contact@1forge.com\");\n});",
              "err": {},
              "uuid": "b4261ece-479d-45b2-862f-6f07cde5fe63",
              "parentUUID": "4f8745a2-7728-4c3c-9053-9ad758afde89",
              "isHook": false,
              "skipped": false
            },
            {
              "title": "Request with valid API Key should send an array",
              "fullTitle": "Endpoint GET /symbols Request with valid API Key should send an array",
              "timedOut": null,
              "duration": 3805,
              "state": "passed",
              "speed": "slow",
              "pass": true,
              "fail": false,
              "pending": false,
              "context": null,
              "code": "cy.request(`/symbols?api_key=${apiKey}`).then(response => {\n  expect(response.status).to.eq(200);\n  let body = response.body;\n  expect(body).to.a('array');\n});",
              "err": {},
              "uuid": "8000e3fd-529c-428d-af2e-f70846ba813e",
              "parentUUID": "4f8745a2-7728-4c3c-9053-9ad758afde89",
              "isHook": false,
              "skipped": false
            },
            {
              "title": "Request with valid API Key should send an array with elments type string",
              "fullTitle": "Endpoint GET /symbols Request with valid API Key should send an array with elments type string",
              "timedOut": null,
              "duration": 1081,
              "state": "passed",
              "speed": "slow",
              "pass": true,
              "fail": false,
              "pending": false,
              "context": null,
              "code": "cy.request(`/symbols?api_key=${apiKey}`).then(response => {\n  expect(response.status).to.eq(200);\n  let body = response.body;\n  expect(body.every(x => typeof x == 'string')).to.be.eq(true);\n});",
              "err": {},
              "uuid": "e5a93e83-c958-445a-a5c7-1d2b455167aa",
              "parentUUID": "4f8745a2-7728-4c3c-9053-9ad758afde89",
              "isHook": false,
              "skipped": false
            }
          ],
          "suites": [],
          "passes": [
            "1dc715fa-cce7-4d90-bb85-6f7a282fbe91",
            "b4261ece-479d-45b2-862f-6f07cde5fe63",
            "8000e3fd-529c-428d-af2e-f70846ba813e",
            "e5a93e83-c958-445a-a5c7-1d2b455167aa"
          ],
          "failures": [],
          "pending": [],
          "skipped": [],
          "duration": 6274,
          "root": false,
          "rootEmpty": false,
          "_timeout": 2000
        }
      ],
      "passes": [],
      "failures": [],
      "pending": [],
      "skipped": [],
      "duration": 0,
      "root": true,
      "rootEmpty": true,
      "_timeout": 2000
    }
  ],
  "meta": {
    "mocha": {
      "version": "7.0.1"
    },
    "mochawesome": {
      "options": {
        "quiet": false,
        "reportFilename": "mochawesome",
        "saveHtml": true,
        "saveJson": true,
        "consoleReporter": "spec",
        "useInlineDiffs": false,
        "code": true
      },
      "version": "6.2.2"
    },
    "marge": {
      "options": {
        "reportDir": "cypress/report",
        "overwrite": true,
        "html": true,
        "json": true,
        "timestamp": "mmddyyyy_HHMMss"
      },
      "version": "5.2.0"
    }
  }
}