{
  "stats": {
    "suites": 1,
    "tests": 2,
    "passes": 2,
    "pending": 0,
    "failures": 0,
    "start": "2021-09-29T11:23:34.659Z",
    "end": "2021-09-29T11:23:35.684Z",
    "duration": 1025,
    "testsRegistered": 2,
    "passPercent": 100,
    "pendingPercent": 0,
    "other": 0,
    "hasOther": false,
    "skipped": 0,
    "hasSkipped": false
  },
  "results": [
    {
      "uuid": "6a7cd38e-24cf-48e3-91d7-d84f5bddbcde",
      "title": "",
      "fullFile": "cypress/integration/Quote API Testing/root-endpoint.spec.js",
      "file": "cypress/integration/Quote API Testing/root-endpoint.spec.js",
      "beforeHooks": [],
      "afterHooks": [],
      "tests": [],
      "suites": [
        {
          "uuid": "f6a758f5-85c2-4e08-890c-89a491c567ec",
          "title": "Root Endpoint GET /",
          "fullFile": "",
          "file": "",
          "beforeHooks": [],
          "afterHooks": [],
          "tests": [
            {
              "title": "Should send status 200",
              "fullTitle": "Root Endpoint GET / Should send status 200",
              "timedOut": null,
              "duration": 744,
              "state": "passed",
              "speed": "slow",
              "pass": true,
              "fail": false,
              "pending": false,
              "context": null,
              "code": "cy.request('/').then(response => {\n  expect(response.status).to.eq(200);\n});",
              "err": {},
              "uuid": "f05d7f5e-2df9-4410-a378-da43b74770a5",
              "parentUUID": "f6a758f5-85c2-4e08-890c-89a491c567ec",
              "isHook": false,
              "skipped": false
            },
            {
              "title": "Should have Body with status ok",
              "fullTitle": "Root Endpoint GET / Should have Body with status ok",
              "timedOut": null,
              "duration": 261,
              "state": "passed",
              "speed": "slow",
              "pass": true,
              "fail": false,
              "pending": false,
              "context": null,
              "code": "cy.request('/').then(response => {\n  expect(response.status).to.eq(200);\n  let body = response.body;\n  expect(body).to.have.property('status', 'ok');\n});",
              "err": {},
              "uuid": "361b17e6-845c-4127-a1bd-023d18951877",
              "parentUUID": "f6a758f5-85c2-4e08-890c-89a491c567ec",
              "isHook": false,
              "skipped": false
            }
          ],
          "suites": [],
          "passes": [
            "f05d7f5e-2df9-4410-a378-da43b74770a5",
            "361b17e6-845c-4127-a1bd-023d18951877"
          ],
          "failures": [],
          "pending": [],
          "skipped": [],
          "duration": 1005,
          "root": false,
          "rootEmpty": false,
          "_timeout": 2000
        }
      ],
      "passes": [],
      "failures": [],
      "pending": [],
      "skipped": [],
      "duration": 0,
      "root": true,
      "rootEmpty": true,
      "_timeout": 2000
    }
  ],
  "meta": {
    "mocha": {
      "version": "7.0.1"
    },
    "mochawesome": {
      "options": {
        "quiet": false,
        "reportFilename": "mochawesome",
        "saveHtml": true,
        "saveJson": true,
        "consoleReporter": "spec",
        "useInlineDiffs": false,
        "code": true
      },
      "version": "6.2.2"
    },
    "marge": {
      "options": {
        "reportDir": "cypress/report",
        "overwrite": true,
        "html": true,
        "json": true,
        "timestamp": "mmddyyyy_HHMMss"
      },
      "version": "5.2.0"
    }
  }
}